<?xml version="1.0" encoding="UTF-8"?>
<robot generator="Robot 6.0.2 (Python 3.11.2 on win32)" generated="20230427 03:48:58.014" rpa="false" schemaversion="3">
<suite id="s1" name="FileUpload" source="C:\Automate test EdVISORY\FileUpload.robot">
<test id="s1-t1" name="TC01 Default Page" line="25">
<kw name="Open Wed Browser">
<kw name="Open Browser" library="SeleniumLibrary">
<arg>${url}</arg>
<arg>${browser}</arg>
<doc>Opens a new browser instance to the optional ``url``.</doc>
<msg timestamp="20230427 03:48:58.353" level="INFO">Opening browser 'gc' to base url 'https://the-internet.herokuapp.com/upload'.</msg>
<status status="PASS" starttime="20230427 03:48:58.352" endtime="20230427 03:49:03.445"/>
</kw>
<kw name="Maximize Browser Window" library="SeleniumLibrary">
<doc>Maximizes current browser window.</doc>
<status status="PASS" starttime="20230427 03:49:03.445" endtime="20230427 03:49:03.556"/>
</kw>
<status status="PASS" starttime="20230427 03:48:58.352" endtime="20230427 03:49:03.556"/>
</kw>
<kw name="Wait Until Page Contains" library="SeleniumLibrary">
<arg>File Uploader</arg>
<doc>Waits until ``text`` appears on the current page.</doc>
<status status="PASS" starttime="20230427 03:49:03.557" endtime="20230427 03:49:03.570"/>
</kw>
<kw name="Wait Until Element Is Visible" library="SeleniumLibrary">
<arg>${locator_selectfile}</arg>
<doc>Waits until the element ``locator`` is visible.</doc>
<status status="PASS" starttime="20230427 03:49:03.570" endtime="20230427 03:49:03.686"/>
</kw>
<kw name="Wait Until Element Is Visible" library="SeleniumLibrary">
<arg>${locator_upload}</arg>
<doc>Waits until the element ``locator`` is visible.</doc>
<status status="PASS" starttime="20230427 03:49:03.686" endtime="20230427 03:49:03.707"/>
</kw>
<kw name="Wait Until Element Is Visible" library="SeleniumLibrary">
<arg>${locator_drop}</arg>
<doc>Waits until the element ``locator`` is visible.</doc>
<status status="PASS" starttime="20230427 03:49:03.708" endtime="20230427 03:49:03.726"/>
</kw>
<kw name="Close Browser" library="SeleniumLibrary">
<doc>Closes the current browser.</doc>
<status status="PASS" starttime="20230427 03:49:03.727" endtime="20230427 03:49:05.877"/>
</kw>
<status status="PASS" starttime="20230427 03:48:58.351" endtime="20230427 03:49:05.878"/>
</test>
<test id="s1-t2" name="TC02 Upload File" line="33">
<kw name="Open Wed Browser">
<kw name="Open Browser" library="SeleniumLibrary">
<arg>${url}</arg>
<arg>${browser}</arg>
<doc>Opens a new browser instance to the optional ``url``.</doc>
<msg timestamp="20230427 03:49:05.881" level="INFO">Opening browser 'gc' to base url 'https://the-internet.herokuapp.com/upload'.</msg>
<status status="PASS" starttime="20230427 03:49:05.880" endtime="20230427 03:49:11.005"/>
</kw>
<kw name="Maximize Browser Window" library="SeleniumLibrary">
<doc>Maximizes current browser window.</doc>
<status status="PASS" starttime="20230427 03:49:11.005" endtime="20230427 03:49:11.128"/>
</kw>
<status status="PASS" starttime="20230427 03:49:05.880" endtime="20230427 03:49:11.128"/>
</kw>
<kw name="Set Selenium Speed" library="SeleniumLibrary">
<arg>0.5</arg>
<doc>Sets the delay that is waited after each Selenium command.</doc>
<status status="PASS" starttime="20230427 03:49:11.128" endtime="20230427 03:49:11.128"/>
</kw>
<kw name="Input Upload File">
<kw name="Choose File" library="SeleniumLibrary">
<arg>${locator_selectfile}</arg>
<arg>${locator_file_path}</arg>
<doc>Inputs the ``file_path`` into the file input field ``locator``.</doc>
<msg timestamp="20230427 03:49:11.129" level="INFO">Sending C:\Users\Nice\Downloads\sahudsawat\Test.txt to browser.</msg>
<status status="PASS" starttime="20230427 03:49:11.129" endtime="20230427 03:49:12.233"/>
</kw>
<kw name="Click Element" library="SeleniumLibrary">
<arg>${locator_upload}</arg>
<doc>Click the element identified by ``locator``.</doc>
<msg timestamp="20230427 03:49:12.233" level="INFO">Clicking element 'id=file-submit'.</msg>
<status status="PASS" starttime="20230427 03:49:12.233" endtime="20230427 03:49:13.669"/>
</kw>
<status status="PASS" starttime="20230427 03:49:11.129" endtime="20230427 03:49:13.669"/>
</kw>
<kw name="Close Browser" library="SeleniumLibrary">
<doc>Closes the current browser.</doc>
<status status="PASS" starttime="20230427 03:49:13.670" endtime="20230427 03:49:16.287"/>
</kw>
<status status="PASS" starttime="20230427 03:49:05.879" endtime="20230427 03:49:16.288"/>
</test>
<test id="s1-t3" name="TC03 Upload Fail" line="39">
<kw name="Open Wed Browser">
<kw name="Open Browser" library="SeleniumLibrary">
<arg>${url}</arg>
<arg>${browser}</arg>
<doc>Opens a new browser instance to the optional ``url``.</doc>
<msg timestamp="20230427 03:49:16.291" level="INFO">Opening browser 'gc' to base url 'https://the-internet.herokuapp.com/upload'.</msg>
<status status="PASS" starttime="20230427 03:49:16.290" endtime="20230427 03:49:22.084"/>
</kw>
<kw name="Maximize Browser Window" library="SeleniumLibrary">
<doc>Maximizes current browser window.</doc>
<status status="PASS" starttime="20230427 03:49:22.084" endtime="20230427 03:49:22.713"/>
</kw>
<status status="PASS" starttime="20230427 03:49:16.290" endtime="20230427 03:49:22.713"/>
</kw>
<kw name="Click Element" library="SeleniumLibrary">
<arg>${locator_upload}</arg>
<doc>Click the element identified by ``locator``.</doc>
<msg timestamp="20230427 03:49:22.714" level="INFO">Clicking element 'id=file-submit'.</msg>
<status status="PASS" starttime="20230427 03:49:22.713" endtime="20230427 03:49:24.095"/>
</kw>
<kw name="Wait Until Page Contains" library="SeleniumLibrary">
<arg>Internal Server Error</arg>
<doc>Waits until ``text`` appears on the current page.</doc>
<status status="PASS" starttime="20230427 03:49:24.095" endtime="20230427 03:49:24.609"/>
</kw>
<status status="PASS" starttime="20230427 03:49:16.289" endtime="20230427 03:49:24.615"/>
</test>
<status status="PASS" starttime="20230427 03:48:58.048" endtime="20230427 03:49:24.622"/>
</suite>
<statistics>
<total>
<stat pass="3" fail="0" skip="0">All Tests</stat>
</total>
<tag>
</tag>
<suite>
<stat pass="3" fail="0" skip="0" id="s1" name="FileUpload">FileUpload</stat>
</suite>
</statistics>
<errors>
</errors>
</robot>
